<?xml version="1.0" encoding="UTF-8"?>
<!-- Generated by org.testng.reporters.JUnitXMLReporter -->
<testsuite ignored="12" hostname="DESKTOP-F20JJN7" failures="0" tests="1" name="Default test" time="2.053" errors="0" timestamp="2022-07-01T09:39:55 IST">
  <testcase classname="com.bridgelbaz.spotify.SpotifyApi" name="searchForItem" time="2.009"/>
  <testcase classname="com.bridgelbaz.spotify.SpotifyApi" name="testGet_Users_Playlists" time="0.0">
    <ignored/>
  </testcase> <!-- testGet_Users_Playlists -->
  <testcase classname="com.bridgelbaz.spotify.SpotifyApi" name="TrackId" time="0.0">
    <ignored/>
  </testcase> <!-- TrackId -->
  <testcase classname="com.bridgelbaz.spotify.SpotifyApi" name="testCreate_Playlist" time="0.0">
    <ignored/>
  </testcase> <!-- testCreate_Playlist -->
  <testcase classname="com.bridgelbaz.spotify.SpotifyApi" name="testAdd_Items_to_Playlist" time="0.0">
    <ignored/>
  </testcase> <!-- testAdd_Items_to_Playlist -->
  <testcase classname="com.bridgelbaz.spotify.SpotifyApi" name="RemovePlaylistItem" time="0.0">
    <ignored/>
  </testcase> <!-- RemovePlaylistItem -->
  <testcase classname="com.bridgelbaz.spotify.SpotifyApi" name="testGet_Playlist_Items" time="0.0">
    <ignored/>
  </testcase> <!-- testGet_Playlist_Items -->
  <testcase classname="com.bridgelbaz.spotify.SpotifyApi" name="testGetCurrent_Users_Playlists" time="0.0">
    <ignored/>
  </testcase> <!-- testGetCurrent_Users_Playlists -->
  <testcase classname="com.bridgelbaz.spotify.SpotifyApi" name="testGet_CurrentUsersProfile" time="0.0">
    <ignored/>
  </testcase> <!-- testGet_CurrentUsersProfile -->
  <testcase classname="com.bridgelbaz.spotify.SpotifyApi" name="testGet_Users_Profile" time="0.0">
    <ignored/>
  </testcase> <!-- testGet_Users_Profile -->
  <testcase classname="com.bridgelbaz.spotify.SpotifyApi" name="UpdatePlaylistItem" time="0.0">
    <ignored/>
  </testcase> <!-- UpdatePlaylistItem -->
  <testcase classname="com.bridgelbaz.spotify.SpotifyApi" name="testGet_Playlist" time="0.0">
    <ignored/>
  </testcase> <!-- testGet_Playlist -->
  <testcase classname="com.bridgelbaz.spotify.SpotifyApi" name="testChange_Playlist_Details" time="0.0">
    <ignored/>
  </testcase> <!-- testChange_Playlist_Details -->
</testsuite> <!-- Default test -->
