<?xml version="1.0" encoding="UTF-8"?>
<testng-results ignored="12" total="13" passed="1" failed="0" skipped="0">
  <reporter-output>
  </reporter-output>
  <suite started-at="2022-07-01T09:39:53 IST" name="Default suite" finished-at="2022-07-01T09:39:55 IST" duration-ms="2053">
    <groups>
    </groups>
    <test started-at="2022-07-01T09:39:53 IST" name="Default test" finished-at="2022-07-01T09:39:55 IST" duration-ms="2053">
      <class name="com.bridgelbaz.spotify.SpotifyApi">
        <test-method is-config="true" signature="getToken()[pri:0, instance:com.bridgelbaz.spotify.SpotifyApi@703580bf]" started-at="2022-07-01T09:39:53 IST" name="getToken" finished-at="2022-07-01T09:39:53 IST" duration-ms="9" status="PASS">
          <reporter-output>
          </reporter-output>
        </test-method> <!-- getToken -->
        <test-method is-config="true" signature="getTrack()[pri:0, instance:com.bridgelbaz.spotify.SpotifyApi@703580bf]" started-at="2022-07-01T09:39:53 IST" name="getTrack" finished-at="2022-07-01T09:39:53 IST" duration-ms="0" status="PASS">
          <reporter-output>
          </reporter-output>
        </test-method> <!-- getTrack -->
        <test-method signature="searchForItem()[pri:0, instance:com.bridgelbaz.spotify.SpotifyApi@703580bf]" started-at="2022-07-01T09:39:53 IST" name="searchForItem" finished-at="2022-07-01T09:39:55 IST" duration-ms="2009" status="PASS">
          <reporter-output>
          </reporter-output>
        </test-method> <!-- searchForItem -->
      </class> <!-- com.bridgelbaz.spotify.SpotifyApi -->
    </test> <!-- Default test -->
  </suite> <!-- Default suite -->
</testng-results>
